[20:14:45] [ServerMain/INFO]: Environment: Environment[sessionHost=https://sessionserver.mojang.com, servicesHost=https://api.minecraftservices.com, name=PROD]
[20:14:46] [ServerMain/INFO]: No existing world data, creating new world
[20:14:46] [ServerMain/INFO]: Loaded 1290 recipes
[20:14:47] [ServerMain/INFO]: Loaded 1399 advancements
[20:14:47] [Server thread/INFO]: Starting minecraft server version 1.21
[20:14:47] [Server thread/INFO]: Loading properties
[20:14:47] [Server thread/INFO]: Default game type: SURVIVAL
[20:14:47] [Server thread/INFO]: Generating keypair
[20:14:47] [Server thread/INFO]: Starting Minecraft server on *:25565
[20:14:47] [Server thread/INFO]: Using epoll channel type
[20:14:47] [Server thread/WARN]: **** SERVER IS RUNNING IN OFFLINE/INSECURE MODE!
[20:14:47] [Server thread/WARN]: The server will make no attempt to authenticate usernames. Beware.
[20:14:47] [Server thread/WARN]: While this makes the game possible to play without internet access, it also opens up the ability for hackers to connect with any username they choose.
[20:14:47] [Server thread/WARN]: To change this, set "online-mode" to "true" in the server.properties file.
[20:14:47] [Server thread/INFO]: Preparing level "world"
[20:14:53] [Server thread/INFO]: Preparing start region for dimension minecraft:overworld
[20:14:54] [Worker-Main-2/INFO]: Preparing spawn area: 2%
[20:14:54] [Worker-Main-2/INFO]: Preparing spawn area: 2%
[20:14:54] [Worker-Main-1/INFO]: Preparing spawn area: 2%
[20:14:55] [Worker-Main-1/INFO]: Preparing spawn area: 2%
[20:14:56] [Worker-Main-2/INFO]: Preparing spawn area: 18%
[20:14:56] [Worker-Main-3/INFO]: Preparing spawn area: 18%
[20:14:56] [Worker-Main-1/INFO]: Preparing spawn area: 18%
[20:14:57] [Worker-Main-3/INFO]: Preparing spawn area: 51%
[20:14:57] [Worker-Main-2/INFO]: Preparing spawn area: 51%
[20:14:58] [Worker-Main-2/INFO]: Preparing spawn area: 51%
[20:14:58] [Server thread/INFO]: Time elapsed: 4844 ms
[20:14:58] [Server thread/INFO]: Done (10.897s)! For help, type "help"
[20:16:08] [Server thread/INFO]: Lady_Nivoli[/127.55.191.18:44651] logged in with entity id 13 at (-37.5, 71.0, 126.5)
[20:16:08] [Server thread/INFO]: Lady_Nivoli joined the game
[20:16:40] [Server thread/INFO]: Snixvp[/127.187.41.44:59629] logged in with entity id 284 at (-24.5, 71.0, 137.5)
[20:16:40] [Server thread/INFO]: Snixvp joined the game
[20:18:23] [Server thread/INFO]: GOGANEX[/127.232.30.95:54651] logged in with entity id 468 at (-30.5, 82.0, 134.5)
[20:18:23] [Server thread/INFO]: GOGANEX joined the game
[20:20:54] [Server thread/INFO]: Snixvp has made the advancement [Stone Age]
[20:21:17] [Server thread/INFO]: GOGANEX has made the advancement [Stone Age]
[20:21:28] [Server thread/INFO]: Snixvp has made the advancement [Getting an Upgrade]
[20:23:01] [Server thread/INFO]: GOGANEX has made the advancement [Getting an Upgrade]
